<?xml version="1.0" encoding="UTF-8"?>
<!-- Generated by org.testng.reporters.JUnitReportReporter -->
<testsuite skipped="0" hostname="DESKTOP-O2DJV66" name="com.bens.testng.SimpleTest" tests="1" failures="0" timestamp="25 Mar 2020 06:14:45 GMT" time="0.016" errors="0">
  <testcase name="testMethod" time="0.016" classname="com.bens.testng.SimpleTest"/>
</testsuite> <!-- com.bens.testng.SimpleTest -->
