<?xml version="1.0" encoding="UTF-8"?>
<!-- Generated by org.testng.reporters.JUnitReportReporter -->
<testsuite skipped="0" hostname="DESKTOP-O2DJV66" name="com.bens.testng.Annotation" tests="1" failures="0" timestamp="25 Mar 2020 04:35:02 GMT" time="0.006" errors="0">
  <testcase name="test1" time="0.006" classname="com.bens.testng.Annotation"/>
</testsuite> <!-- com.bens.testng.Annotation -->
