<?xml version="1.0" encoding="UTF-8"?>
<!-- Generated by org.testng.reporters.JUnitReportReporter -->
<testsuite skipped="2" hostname="DESKTOP-O2DJV66" name="com.bens.testng.CarLoan" tests="6" failures="0" timestamp="27 Mar 2020 03:26:07 GMT" time="0.016" errors="0">
  <testcase name="carloan5" time="0.002" classname="com.bens.testng.CarLoan"/>
  <testcase name="afterCarloanMethod" time="0.001" classname="com.bens.testng.CarLoan"/>
  <testcase name="logincar" time="0.001" classname="com.bens.testng.CarLoan"/>
  <testcase name="login" time="0.012" classname="com.bens.testng.CarLoan"/>
  <testcase name="carloan1" classname="com.bens.testng.CarLoan">
    <skipped/>
  </testcase> <!-- carloan1 -->
  <testcase name="carloan3" classname="com.bens.testng.CarLoan">
    <skipped/>
  </testcase> <!-- carloan3 -->
</testsuite> <!-- com.bens.testng.CarLoan -->
