<?xml version="1.0" encoding="UTF-8"?>
<!-- Generated by org.testng.reporters.JUnitReportReporter -->
<testsuite skipped="0" hostname="DESKTOP-O2DJV66" name="com.bens.testng.TestNGGroupExample" tests="7" failures="0" timestamp="25 Mar 2020 04:35:02 GMT" time="0.007" errors="0">
  <testcase name="testUpdate" time="0.001" classname="com.bens.testng.TestNGGroupExample"/>
  <testcase name="testDelete" time="0.001" classname="com.bens.testng.TestNGGroupExample"/>
  <testcase name="openConfirmationDialog" time="0.001" classname="com.bens.testng.TestNGGroupExample"/>
  <testcase name="openFileDialog" time="0.001" classname="com.bens.testng.TestNGGroupExample"/>
  <testcase name="testInsert" time="0.001" classname="com.bens.testng.TestNGGroupExample"/>
  <testcase name="accessAdminPage" time="0.001" classname="com.bens.testng.TestNGGroupExample"/>
  <testcase name="accessHomePage" time="0.001" classname="com.bens.testng.TestNGGroupExample"/>
</testsuite> <!-- com.bens.testng.TestNGGroupExample -->
