<?xml version="1.0" encoding="UTF-8"?>
<!-- Generated by org.testng.reporters.JUnitReportReporter -->
<testsuite skipped="0" hostname="DESKTOP-O2DJV66" name="com.bens.testng.NewTest" tests="5" failures="0" timestamp="27 Mar 2020 03:26:07 GMT" time="0.010" errors="0">
  <testcase name="withoutPriority" time="0.001" classname="com.bens.testng.NewTest"/>
  <testcase name="login1" time="0.001" classname="com.bens.testng.NewTest"/>
  <testcase name="f" time="0.006" classname="com.bens.testng.NewTest"/>
  <testcase name="test2" time="0.001" classname="com.bens.testng.NewTest"/>
  <testcase name="login" time="0.001" classname="com.bens.testng.NewTest"/>
</testsuite> <!-- com.bens.testng.NewTest -->
