<?xml version="1.0" encoding="UTF-8"?>
<!-- Generated by org.testng.reporters.JUnitReportReporter -->
<testsuite skipped="0" hostname="DESKTOP-O2DJV66" name="com.bens.testng.Normaltest" tests="5" failures="0" timestamp="27 Mar 2020 03:26:07 GMT" time="0.005" errors="0">
  <testcase name="normalTest" time="0.001" classname="com.bens.testng.Normaltest"/>
  <testcase name="bikelogin" time="0.001" classname="com.bens.testng.Normaltest"/>
  <testcase name="bikeLoan" time="0.001" classname="com.bens.testng.Normaltest"/>
  <testcase name="login" time="0.001" classname="com.bens.testng.Normaltest"/>
  <testcase name="bikeloan2" time="0.001" classname="com.bens.testng.Normaltest"/>
</testsuite> <!-- com.bens.testng.Normaltest -->
