<?xml version="1.0" encoding="UTF-8"?>
<!-- Generated by org.testng.reporters.JUnitReportReporter -->
<testsuite skipped="0" hostname="DESKTOP-O2DJV66" name="com.bens.testng.DataProviderTest" tests="7" failures="0" timestamp="25 Mar 2020 08:40:58 GMT" time="0.018" errors="0">
  <testcase name="testClassLevelDataProvider" time="0.002" classname="com.bens.testng.DataProviderTest"/>
  <testcase name="onFailCheck" time="0.002" classname="com.bens.testng.DataProviderTest"/>
  <testcase name="datalogin" time="0.001" classname="com.bens.testng.DataProviderTest"/>
  <testcase name="datalogin" time="0.001" classname="com.bens.testng.DataProviderTest"/>
  <testcase name="testClassLevelDataProvider" time="0.001" classname="com.bens.testng.DataProviderTest"/>
  <testcase name="datalogin" time="0.009" classname="com.bens.testng.DataProviderTest"/>
  <testcase name="testClassLevelDataProvider" time="0.002" classname="com.bens.testng.DataProviderTest"/>
</testsuite> <!-- com.bens.testng.DataProviderTest -->
