<?xml version="1.0" encoding="UTF-8"?>
<!-- Generated by org.testng.reporters.JUnitReportReporter -->
<testsuite skipped="0" hostname="DESKTOP-O2DJV66" name="com.bens.testng.Login" tests="3" failures="0" timestamp="25 Mar 2020 08:37:23 GMT" time="0.016" errors="0">
  <testcase name="logintest" time="0.001" classname="com.bens.testng.Login"/>
  <testcase name="logintest" time="0.002" classname="com.bens.testng.Login"/>
  <testcase name="logintest" time="0.013" classname="com.bens.testng.Login"/>
</testsuite> <!-- com.bens.testng.Login -->
