<?xml version="1.0" encoding="UTF-8"?>
<!-- Generated by org.testng.reporters.JUnitReportReporter -->
<testsuite skipped="0" hostname="DESKTOP-O2DJV66" name="com.bens.propertiesFile.PropertyClassTest" tests="2" failures="0" timestamp="25 Mar 2020 15:49:20 GMT" time="23.934" errors="0">
  <testcase name="propMethod" time="23.919" classname="com.bens.propertiesFile.PropertyClassTest"/>
  <testcase name="loginTest" time="0.015" classname="com.bens.propertiesFile.PropertyClassTest"/>
</testsuite> <!-- com.bens.propertiesFile.PropertyClassTest -->
