<?xml version="1.0" encoding="UTF-8"?>
<!-- Generated by org.testng.reporters.JUnitReportReporter -->
<testsuite skipped="0" hostname="DESKTOP-O2DJV66" name="BensQA.RestAPI" tests="2" failures="0" timestamp="26 Mar 2020 08:49:39 GMT" time="0.014" errors="0">
  <testcase name="login1" time="0.012" classname="BensQA.RestAPI"/>
  <testcase name="login2" time="0.002" classname="BensQA.RestAPI"/>
</testsuite> <!-- BensQA.RestAPI -->
