<?xml version="1.0" encoding="UTF-8"?>
<!-- Generated by org.testng.reporters.JUnitReportReporter -->
<testsuite skipped="0" hostname="DESKTOP-O2DJV66" name="BensQA.SeleniumTest" tests="2" failures="0" timestamp="26 Mar 2020 08:49:32 GMT" time="0.004" errors="0">
  <testcase name="test2Sel" time="0.002" classname="BensQA.SeleniumTest"/>
  <testcase name="test1Sel" time="0.002" classname="BensQA.SeleniumTest"/>
</testsuite> <!-- BensQA.SeleniumTest -->
