<?xml version="1.0" encoding="UTF-8"?>
<!-- Generated by org.testng.reporters.JUnitReportReporter -->
<testsuite skipped="0" hostname="DESKTOP-O2DJV66" name="BensQA.SeleniumAPI" tests="2" failures="0" timestamp="26 Mar 2020 08:49:39 GMT" time="0.002" errors="0">
  <testcase name="test1" time="0.001" classname="BensQA.SeleniumAPI"/>
  <testcase name="test2" time="0.001" classname="BensQA.SeleniumAPI"/>
</testsuite> <!-- BensQA.SeleniumAPI -->
