<?xml version="1.0" encoding="UTF-8"?>
<!-- Generated by org.testng.reporters.JUnitReportReporter -->
<testsuite skipped="0" hostname="Bensly-PC" name="com.bens.maven.Demo" tests="1" failures="0" timestamp="06 Jun 2019 04:53:45 GMT" time="0.012" errors="0">
  <testcase name="testhello" time="0.012" classname="com.bens.maven.Demo"/>
</testsuite> <!-- com.bens.maven.Demo -->
