<?xml version="1.0" encoding="UTF-8"?>
<!-- Generated by org.testng.reporters.JUnitReportReporter -->
<testsuite skipped="0" hostname="Bensly-PC" name="com.bens.maven.LaunchTest" tests="1" failures="0" timestamp="07 Jun 2019 02:33:46 GMT" time="26.316" errors="0">
  <testcase name="testhello" time="26.316" classname="com.bens.maven.LaunchTest"/>
</testsuite> <!-- com.bens.maven.LaunchTest -->
