<?xml version="1.0" encoding="UTF-8"?>
<!-- Generated by org.testng.reporters.JUnitReportReporter -->
<testsuite skipped="0" hostname="DESKTOP-O2DJV66" name="com.bens.Log4j.Log1" tests="1" failures="0" timestamp="2020-03-27T20:02:49 IST" time="0.007" errors="0">
  <testcase name="loggerMethod" time="0.007" classname="com.bens.Log4j.Log1"/>
  <system-out/>
</testsuite> <!-- com.bens.Log4j.Log1 -->
