<?xml version="1.0" encoding="UTF-8"?>
<!-- Generated by org.testng.reporters.JUnitReportReporter -->
<testsuite skipped="0" hostname="DESKTOP-O2DJV66" name="ecom.bens.Excel.ExcelData" tests="1" failures="0" timestamp="2020-03-28T09:23:45 IST" time="0.751" errors="0">
  <testcase name="excelmethod" time="0.751" classname="ecom.bens.Excel.ExcelData"/>
  <system-out/>
</testsuite> <!-- ecom.bens.Excel.ExcelData -->
