<?xml version="1.0" encoding="UTF-8"?>
<!-- Generated by org.testng.reporters.JUnitReportReporter -->
<testsuite skipped="0" hostname="DESKTOP-O2DJV66" name="BensQA.SeleniumTest" tests="2" failures="0" timestamp="2020-04-22T19:52:29 IST" time="0.005" errors="0">
  <testcase name="test1Sel" time="0.005" classname="BensQA.SeleniumTest"/>
  <system-out/>
  <testcase name="test2Sel" time="0.000" classname="BensQA.SeleniumTest"/>
  <system-out/>
</testsuite> <!-- BensQA.SeleniumTest -->
